[Thu Mar 02 21:03:22.282887 2023] [ssl:warn] [pid 25064:tid 360] AH01909: www.example.com:443:0 server certificate does NOT include an ID which matches the server name
[Thu Mar 02 21:03:22.387353 2023] [ssl:warn] [pid 25064:tid 360] AH01909: www.example.com:443:0 server certificate does NOT include an ID which matches the server name
[Thu Mar 02 21:03:22.445297 2023] [mpm_winnt:notice] [pid 25064:tid 360] AH00455: Apache/2.4.54 (Win64) OpenSSL/1.1.1p PHP/8.2.0 configured -- resuming normal operations
[Thu Mar 02 21:03:22.445297 2023] [mpm_winnt:notice] [pid 25064:tid 360] AH00456: Apache Lounge VS16 Server built: Jun 22 2022 09:58:15
[Thu Mar 02 21:03:22.445297 2023] [core:notice] [pid 25064:tid 360] AH00094: Command line: 'C:\\xampp\\apache\\bin\\httpd.exe -d C:/xampp/apache'
[Thu Mar 02 21:03:22.449360 2023] [mpm_winnt:notice] [pid 25064:tid 360] AH00418: Parent: Created child process 36044
[Thu Mar 02 21:03:22.871697 2023] [ssl:warn] [pid 36044:tid 380] AH01909: www.example.com:443:0 server certificate does NOT include an ID which matches the server name
[Thu Mar 02 21:03:22.957687 2023] [ssl:warn] [pid 36044:tid 380] AH01909: www.example.com:443:0 server certificate does NOT include an ID which matches the server name
[Thu Mar 02 21:03:23.005594 2023] [mpm_winnt:notice] [pid 36044:tid 380] AH00354: Child: Starting 150 worker threads.
[Thu Mar 02 22:53:02.015621 2023] [ssl:warn] [pid 11088:tid 344] AH01909: www.example.com:443:0 server certificate does NOT include an ID which matches the server name
[Thu Mar 02 22:53:02.245868 2023] [ssl:warn] [pid 11088:tid 344] AH01909: www.example.com:443:0 server certificate does NOT include an ID which matches the server name
[Thu Mar 02 22:53:02.336100 2023] [mpm_winnt:notice] [pid 11088:tid 344] AH00455: Apache/2.4.54 (Win64) OpenSSL/1.1.1p PHP/8.2.0 configured -- resuming normal operations
[Thu Mar 02 22:53:02.336100 2023] [mpm_winnt:notice] [pid 11088:tid 344] AH00456: Apache Lounge VS16 Server built: Jun 22 2022 09:58:15
[Thu Mar 02 22:53:02.336100 2023] [core:notice] [pid 11088:tid 344] AH00094: Command line: 'c:\\xampp\\apache\\bin\\httpd.exe -d C:/xampp/apache'
[Thu Mar 02 22:53:02.336616 2023] [mpm_winnt:notice] [pid 11088:tid 344] AH00418: Parent: Created child process 37504
[Thu Mar 02 22:53:02.796157 2023] [ssl:warn] [pid 37504:tid 364] AH01909: www.example.com:443:0 server certificate does NOT include an ID which matches the server name
[Thu Mar 02 22:53:02.999735 2023] [ssl:warn] [pid 37504:tid 364] AH01909: www.example.com:443:0 server certificate does NOT include an ID which matches the server name
[Thu Mar 02 22:53:03.100178 2023] [mpm_winnt:notice] [pid 37504:tid 364] AH00354: Child: Starting 150 worker threads.
[Fri Mar 03 01:53:24.128206 2023] [php:warn] [pid 37504:tid 1912] [client ::1:58939] PHP Warning:  require_once(config.inc.php): Failed to open stream: No such file or directory in C:\\xampp\\htdocs\\mrbs\\web\\defaultincludes.inc on line 25, referer: http://localhost/mrbs/
[Fri Mar 03 01:53:24.129207 2023] [php:error] [pid 37504:tid 1912] [client ::1:58939] PHP Fatal error:  Uncaught Error: Failed opening required 'config.inc.php' (include_path='C:\\xampp\\php\\PEAR') in C:\\xampp\\htdocs\\mrbs\\web\\defaultincludes.inc:25\nStack trace:\n#0 C:\\xampp\\htdocs\\mrbs\\web\\index.php(8): require()\n#1 {main}\n  thrown in C:\\xampp\\htdocs\\mrbs\\web\\defaultincludes.inc on line 25, referer: http://localhost/mrbs/
[Fri Mar 03 01:54:00.771777 2023] [php:warn] [pid 37504:tid 1872] [client ::1:58958] PHP Warning:  require_once(config.inc.php): Failed to open stream: No such file or directory in C:\\xampp\\htdocs\\mrbs\\web\\defaultincludes.inc on line 25, referer: http://localhost/mrbs/
[Fri Mar 03 01:54:00.772777 2023] [php:error] [pid 37504:tid 1872] [client ::1:58958] PHP Fatal error:  Uncaught Error: Failed opening required 'config.inc.php' (include_path='C:\\xampp\\php\\PEAR') in C:\\xampp\\htdocs\\mrbs\\web\\defaultincludes.inc:25\nStack trace:\n#0 C:\\xampp\\htdocs\\mrbs\\web\\index.php(8): require()\n#1 {main}\n  thrown in C:\\xampp\\htdocs\\mrbs\\web\\defaultincludes.inc on line 25, referer: http://localhost/mrbs/
[Fri Mar 03 01:54:06.851963 2023] [php:warn] [pid 37504:tid 1872] [client ::1:58963] PHP Warning:  require_once(config.inc.php): Failed to open stream: No such file or directory in C:\\xampp\\htdocs\\mrbs\\web\\defaultincludes.inc on line 25, referer: http://localhost/mrbs/
[Fri Mar 03 01:54:06.851963 2023] [php:error] [pid 37504:tid 1872] [client ::1:58963] PHP Fatal error:  Uncaught Error: Failed opening required 'config.inc.php' (include_path='C:\\xampp\\php\\PEAR') in C:\\xampp\\htdocs\\mrbs\\web\\defaultincludes.inc:25\nStack trace:\n#0 C:\\xampp\\htdocs\\mrbs\\web\\index.php(8): require()\n#1 {main}\n  thrown in C:\\xampp\\htdocs\\mrbs\\web\\defaultincludes.inc on line 25, referer: http://localhost/mrbs/
[Fri Mar 03 02:00:44.978249 2023] [php:warn] [pid 37504:tid 1872] [client ::1:59091] PHP Warning:  require_once(config.inc.php): Failed to open stream: No such file or directory in C:\\xampp\\htdocs\\mrbs\\web\\defaultincludes.inc on line 25
[Fri Mar 03 02:00:44.978249 2023] [php:error] [pid 37504:tid 1872] [client ::1:59091] PHP Fatal error:  Uncaught Error: Failed opening required 'config.inc.php' (include_path='C:\\xampp\\php\\PEAR') in C:\\xampp\\htdocs\\mrbs\\web\\defaultincludes.inc:25\nStack trace:\n#0 C:\\xampp\\htdocs\\mrbs\\web\\index.php(8): require()\n#1 {main}\n  thrown in C:\\xampp\\htdocs\\mrbs\\web\\defaultincludes.inc on line 25
[Fri Mar 03 02:04:26.730339 2023] [php:notice] [pid 37504:tid 1872] [client ::1:59152] \nE_USER_WARNING in C:\\xampp\\htdocs\\mrbs\\web\\lib\\MRBS\\DB.php at line 113\nSQLSTATE[HY000] [1045] Access denied for user 'mrbs'@'localhost' (using password: YES)\nMRBS GET: Array\n(\n)\nMRBS POST: Array\n(\n)\n\n
[Fri Mar 03 02:06:22.853560 2023] [php:notice] [pid 37504:tid 1884] [client ::1:59226] \nE_USER_WARNING in C:\\xampp\\htdocs\\mrbs\\web\\lib\\MRBS\\DB.php at line 113\nSQLSTATE[HY000] [1045] Access denied for user 'root'@'localhost' (using password: YES)\nMRBS GET: Array\n(\n)\nMRBS POST: Array\n(\n)\n\n
[Fri Mar 03 02:09:38.952965 2023] [php:notice] [pid 37504:tid 1880] [client ::1:59260] \nE_USER_WARNING in C:\\xampp\\htdocs\\mrbs\\web\\lib\\MRBS\\DB.php at line 113\nSQLSTATE[HY000] [1045] Access denied for user 'root'@'localhost' (using password: YES)\nMRBS GET: Array\n(\n)\nMRBS POST: Array\n(\n)\n\n
[Fri Mar 03 02:09:58.613561 2023] [php:notice] [pid 37504:tid 1880] [client ::1:59271] \nE_USER_WARNING in C:\\xampp\\htdocs\\mrbs\\web\\lib\\MRBS\\DB.php at line 113\nSQLSTATE[HY000] [1045] Access denied for user 'mrbs'@'localhost' (using password: YES)\nMRBS GET: Array\n(\n)\nMRBS POST: Array\n(\n)\n\n
[Fri Mar 03 02:47:55.932300 2023] [ssl:warn] [pid 25520:tid 360] AH01909: www.example.com:443:0 server certificate does NOT include an ID which matches the server name
[Fri Mar 03 02:47:56.146907 2023] [core:warn] [pid 25520:tid 360] AH00098: pid file C:/xampp/apache/logs/httpd.pid overwritten -- Unclean shutdown of previous Apache run?
[Fri Mar 03 02:47:56.146907 2023] [ssl:warn] [pid 25520:tid 360] AH01909: www.example.com:443:0 server certificate does NOT include an ID which matches the server name
[Fri Mar 03 02:47:56.257356 2023] [mpm_winnt:notice] [pid 25520:tid 360] AH00455: Apache/2.4.54 (Win64) OpenSSL/1.1.1p PHP/8.2.0 configured -- resuming normal operations
[Fri Mar 03 02:47:56.257356 2023] [mpm_winnt:notice] [pid 25520:tid 360] AH00456: Apache Lounge VS16 Server built: Jun 22 2022 09:58:15
[Fri Mar 03 02:47:56.257356 2023] [core:notice] [pid 25520:tid 360] AH00094: Command line: 'c:\\xampp\\apache\\bin\\httpd.exe -d C:/xampp/apache'
[Fri Mar 03 02:47:56.269845 2023] [mpm_winnt:notice] [pid 25520:tid 360] AH00418: Parent: Created child process 39768
[Fri Mar 03 02:47:56.725625 2023] [ssl:warn] [pid 39768:tid 328] AH01909: www.example.com:443:0 server certificate does NOT include an ID which matches the server name
[Fri Mar 03 02:47:56.908129 2023] [ssl:warn] [pid 39768:tid 328] AH01909: www.example.com:443:0 server certificate does NOT include an ID which matches the server name
[Fri Mar 03 02:47:57.003073 2023] [mpm_winnt:notice] [pid 39768:tid 328] AH00354: Child: Starting 150 worker threads.
[Fri Mar 03 22:07:41.684136 2023] [ssl:warn] [pid 10176:tid 352] AH01909: www.example.com:443:0 server certificate does NOT include an ID which matches the server name
[Fri Mar 03 22:07:41.794059 2023] [core:warn] [pid 10176:tid 352] AH00098: pid file C:/xampp/apache/logs/httpd.pid overwritten -- Unclean shutdown of previous Apache run?
[Fri Mar 03 22:07:41.794059 2023] [ssl:warn] [pid 10176:tid 352] AH01909: www.example.com:443:0 server certificate does NOT include an ID which matches the server name
[Fri Mar 03 22:07:41.841534 2023] [mpm_winnt:notice] [pid 10176:tid 352] AH00455: Apache/2.4.54 (Win64) OpenSSL/1.1.1p PHP/8.2.0 configured -- resuming normal operations
[Fri Mar 03 22:07:41.841534 2023] [mpm_winnt:notice] [pid 10176:tid 352] AH00456: Apache Lounge VS16 Server built: Jun 22 2022 09:58:15
[Fri Mar 03 22:07:41.841534 2023] [core:notice] [pid 10176:tid 352] AH00094: Command line: 'c:\\xampp\\apache\\bin\\httpd.exe -d C:/xampp/apache'
[Fri Mar 03 22:07:41.857287 2023] [mpm_winnt:notice] [pid 10176:tid 352] AH00418: Parent: Created child process 11212
[Fri Mar 03 22:07:42.124435 2023] [ssl:warn] [pid 11212:tid 368] AH01909: www.example.com:443:0 server certificate does NOT include an ID which matches the server name
[Fri Mar 03 22:07:42.203586 2023] [ssl:warn] [pid 11212:tid 368] AH01909: www.example.com:443:0 server certificate does NOT include an ID which matches the server name
[Fri Mar 03 22:07:42.256010 2023] [mpm_winnt:notice] [pid 11212:tid 368] AH00354: Child: Starting 150 worker threads.
[Sat Mar 04 19:49:18.397669 2023] [ssl:warn] [pid 29324:tid 372] AH01909: www.example.com:443:0 server certificate does NOT include an ID which matches the server name
[Sat Mar 04 19:49:18.606216 2023] [core:warn] [pid 29324:tid 372] AH00098: pid file C:/xampp/apache/logs/httpd.pid overwritten -- Unclean shutdown of previous Apache run?
[Sat Mar 04 19:49:18.622294 2023] [ssl:warn] [pid 29324:tid 372] AH01909: www.example.com:443:0 server certificate does NOT include an ID which matches the server name
[Sat Mar 04 19:49:18.749613 2023] [mpm_winnt:notice] [pid 29324:tid 372] AH00455: Apache/2.4.54 (Win64) OpenSSL/1.1.1p PHP/8.2.0 configured -- resuming normal operations
[Sat Mar 04 19:49:18.749613 2023] [mpm_winnt:notice] [pid 29324:tid 372] AH00456: Apache Lounge VS16 Server built: Jun 22 2022 09:58:15
[Sat Mar 04 19:49:18.749613 2023] [core:notice] [pid 29324:tid 372] AH00094: Command line: 'c:\\xampp\\apache\\bin\\httpd.exe -d C:/xampp/apache'
[Sat Mar 04 19:49:18.765459 2023] [mpm_winnt:notice] [pid 29324:tid 372] AH00418: Parent: Created child process 35028
[Sat Mar 04 19:49:19.335518 2023] [ssl:warn] [pid 35028:tid 356] AH01909: www.example.com:443:0 server certificate does NOT include an ID which matches the server name
[Sat Mar 04 19:49:19.554474 2023] [ssl:warn] [pid 35028:tid 356] AH01909: www.example.com:443:0 server certificate does NOT include an ID which matches the server name
[Sat Mar 04 19:49:19.633395 2023] [mpm_winnt:notice] [pid 35028:tid 356] AH00354: Child: Starting 150 worker threads.
[Sat Mar 04 19:55:43.055560 2023] [ssl:warn] [pid 20216:tid 340] AH01909: www.example.com:443:0 server certificate does NOT include an ID which matches the server name
[Sat Mar 04 19:55:43.264777 2023] [core:warn] [pid 20216:tid 340] AH00098: pid file C:/xampp/apache/logs/httpd.pid overwritten -- Unclean shutdown of previous Apache run?
[Sat Mar 04 19:55:43.264777 2023] [ssl:warn] [pid 20216:tid 340] AH01909: www.example.com:443:0 server certificate does NOT include an ID which matches the server name
[Sat Mar 04 19:55:43.359566 2023] [mpm_winnt:notice] [pid 20216:tid 340] AH00455: Apache/2.4.54 (Win64) OpenSSL/1.1.1p PHP/8.2.0 configured -- resuming normal operations
[Sat Mar 04 19:55:43.359566 2023] [mpm_winnt:notice] [pid 20216:tid 340] AH00456: Apache Lounge VS16 Server built: Jun 22 2022 09:58:15
[Sat Mar 04 19:55:43.359566 2023] [core:notice] [pid 20216:tid 340] AH00094: Command line: 'c:\\xampp\\apache\\bin\\httpd.exe -d C:/xampp/apache'
[Sat Mar 04 19:55:43.375330 2023] [mpm_winnt:notice] [pid 20216:tid 340] AH00418: Parent: Created child process 16600
[Sat Mar 04 19:55:43.840035 2023] [ssl:warn] [pid 16600:tid 328] AH01909: www.example.com:443:0 server certificate does NOT include an ID which matches the server name
[Sat Mar 04 19:55:44.001926 2023] [ssl:warn] [pid 16600:tid 328] AH01909: www.example.com:443:0 server certificate does NOT include an ID which matches the server name
[Sat Mar 04 19:55:44.080801 2023] [mpm_winnt:notice] [pid 16600:tid 328] AH00354: Child: Starting 150 worker threads.
[Sun Mar 05 13:42:46.714852 2023] [ssl:warn] [pid 25428:tid 364] AH01909: www.example.com:443:0 server certificate does NOT include an ID which matches the server name
[Sun Mar 05 13:42:46.915063 2023] [core:warn] [pid 25428:tid 364] AH00098: pid file C:/xampp/apache/logs/httpd.pid overwritten -- Unclean shutdown of previous Apache run?
[Sun Mar 05 13:42:46.919722 2023] [ssl:warn] [pid 25428:tid 364] AH01909: www.example.com:443:0 server certificate does NOT include an ID which matches the server name
[Sun Mar 05 13:42:47.025428 2023] [mpm_winnt:notice] [pid 25428:tid 364] AH00455: Apache/2.4.54 (Win64) OpenSSL/1.1.1p PHP/8.2.0 configured -- resuming normal operations
[Sun Mar 05 13:42:47.025428 2023] [mpm_winnt:notice] [pid 25428:tid 364] AH00456: Apache Lounge VS16 Server built: Jun 22 2022 09:58:15
[Sun Mar 05 13:42:47.025428 2023] [core:notice] [pid 25428:tid 364] AH00094: Command line: 'c:\\xampp\\apache\\bin\\httpd.exe -d C:/xampp/apache'
[Sun Mar 05 13:42:47.025428 2023] [mpm_winnt:notice] [pid 25428:tid 364] AH00418: Parent: Created child process 23460
[Sun Mar 05 13:42:47.468201 2023] [ssl:warn] [pid 23460:tid 384] AH01909: www.example.com:443:0 server certificate does NOT include an ID which matches the server name
[Sun Mar 05 13:42:47.650447 2023] [ssl:warn] [pid 23460:tid 384] AH01909: www.example.com:443:0 server certificate does NOT include an ID which matches the server name
[Sun Mar 05 13:42:47.729677 2023] [mpm_winnt:notice] [pid 23460:tid 384] AH00354: Child: Starting 150 worker threads.
[Mon Mar 06 01:30:19.993631 2023] [ssl:warn] [pid 39248:tid 332] AH01909: www.example.com:443:0 server certificate does NOT include an ID which matches the server name
[Mon Mar 06 01:30:20.183785 2023] [core:warn] [pid 39248:tid 332] AH00098: pid file C:/xampp/apache/logs/httpd.pid overwritten -- Unclean shutdown of previous Apache run?
[Mon Mar 06 01:30:20.191862 2023] [ssl:warn] [pid 39248:tid 332] AH01909: www.example.com:443:0 server certificate does NOT include an ID which matches the server name
[Mon Mar 06 01:30:20.492866 2023] [mpm_winnt:notice] [pid 39248:tid 332] AH00455: Apache/2.4.54 (Win64) OpenSSL/1.1.1p PHP/8.2.0 configured -- resuming normal operations
[Mon Mar 06 01:30:20.492866 2023] [mpm_winnt:notice] [pid 39248:tid 332] AH00456: Apache Lounge VS16 Server built: Jun 22 2022 09:58:15
[Mon Mar 06 01:30:20.492866 2023] [core:notice] [pid 39248:tid 332] AH00094: Command line: 'c:\\xampp\\apache\\bin\\httpd.exe -d C:/xampp/apache'
[Mon Mar 06 01:30:20.500871 2023] [mpm_winnt:notice] [pid 39248:tid 332] AH00418: Parent: Created child process 18648
[Mon Mar 06 01:30:20.915798 2023] [ssl:warn] [pid 18648:tid 328] AH01909: www.example.com:443:0 server certificate does NOT include an ID which matches the server name
[Mon Mar 06 01:30:21.098892 2023] [ssl:warn] [pid 18648:tid 328] AH01909: www.example.com:443:0 server certificate does NOT include an ID which matches the server name
[Mon Mar 06 01:30:21.172489 2023] [mpm_winnt:notice] [pid 18648:tid 328] AH00354: Child: Starting 150 worker threads.
[Tue Mar 21 11:26:47.514872 2023] [ssl:warn] [pid 34524:tid 240] AH01909: www.example.com:443:0 server certificate does NOT include an ID which matches the server name
[Tue Mar 21 11:26:47.593006 2023] [core:warn] [pid 34524:tid 240] AH00098: pid file C:/xampp/apache/logs/httpd.pid overwritten -- Unclean shutdown of previous Apache run?
[Tue Mar 21 11:26:47.593006 2023] [ssl:warn] [pid 34524:tid 240] AH01909: www.example.com:443:0 server certificate does NOT include an ID which matches the server name
[Tue Mar 21 11:26:47.749576 2023] [mpm_winnt:notice] [pid 34524:tid 240] AH00455: Apache/2.4.54 (Win64) OpenSSL/1.1.1p PHP/8.2.0 configured -- resuming normal operations
[Tue Mar 21 11:26:47.749576 2023] [mpm_winnt:notice] [pid 34524:tid 240] AH00456: Apache Lounge VS16 Server built: Jun 22 2022 09:58:15
[Tue Mar 21 11:26:47.749576 2023] [core:notice] [pid 34524:tid 240] AH00094: Command line: 'apache\\bin\\httpd.exe -d C:/xampp/apache -f conf\\httpd.conf'
[Tue Mar 21 11:26:47.749576 2023] [mpm_winnt:notice] [pid 34524:tid 240] AH00418: Parent: Created child process 32268
Apache server shutdown initiated...
sl:warn] [pid 32268:tid 384] AH01909: www.example.com:443:0 server certificate does NOT include an ID which matches the server name
[Tue Mar 21 11:26:48.220629 2023] [ssl:warn] [pid 32268:tid 384] AH01909: www.example.com:443:0 server certificate does NOT include an ID which matches the server name
[Tue Mar 21 11:26:48.267884 2023] [mpm_winnt:notice] [pid 32268:tid 384] AH00354: Child: Starting 150 worker threads.
[Tue Mar 21 11:26:56.805265 2023] [mpm_winnt:notice] [pid 34524:tid 240] AH00422: Parent: Received shutdown signal -- Shutting down the server.
[Tue Mar 21 11:26:58.820920 2023] [mpm_winnt:notice] [pid 32268:tid 384] AH00364: Child: All worker threads have exited.
[Tue Mar 21 11:26:58.962674 2023] [mpm_winnt:notice] [pid 34524:tid 240] AH00430: Parent: Child process 32268 exited successfully.
[Tue Mar 21 11:27:55.204997 2023] [ssl:warn] [pid 37580:tid 352] AH01909: www.example.com:443:0 server certificate does NOT include an ID which matches the server name
[Tue Mar 21 11:27:55.294757 2023] [ssl:warn] [pid 37580:tid 352] AH01909: www.example.com:443:0 server certificate does NOT include an ID which matches the server name
[Tue Mar 21 11:27:55.342254 2023] [mpm_winnt:notice] [pid 37580:tid 352] AH00455: Apache/2.4.54 (Win64) OpenSSL/1.1.1p PHP/8.2.0 configured -- resuming normal operations
[Tue Mar 21 11:27:55.342254 2023] [mpm_winnt:notice] [pid 37580:tid 352] AH00456: Apache Lounge VS16 Server built: Jun 22 2022 09:58:15
[Tue Mar 21 11:27:55.342254 2023] [core:notice] [pid 37580:tid 352] AH00094: Command line: 'c:\\xampp\\apache\\bin\\httpd.exe -d C:/xampp/apache'
[Tue Mar 21 11:27:55.342254 2023] [mpm_winnt:notice] [pid 37580:tid 352] AH00418: Parent: Created child process 35368
[Tue Mar 21 11:27:55.642693 2023] [ssl:warn] [pid 35368:tid 376] AH01909: www.example.com:443:0 server certificate does NOT include an ID which matches the server name
[Tue Mar 21 11:27:55.739878 2023] [ssl:warn] [pid 35368:tid 376] AH01909: www.example.com:443:0 server certificate does NOT include an ID which matches the server name
[Tue Mar 21 11:27:55.785873 2023] [mpm_winnt:notice] [pid 35368:tid 376] AH00354: Child: Starting 150 worker threads.
git: 'git' is not a git command. See 'git --help'.

The most similar command is
	init
[Tue Mar 21 11:40:17.435226 2023] [mpm_winnt:crit] [pid 35368:tid 376] AH02538: Child: Parent process exited abruptly. Child process is ending
[Sun Mar 26 15:24:37.598726 2023] [ssl:warn] [pid 94588:tid 360] AH01909: www.example.com:443:0 server certificate does NOT include an ID which matches the server name
[Sun Mar 26 15:24:37.680745 2023] [core:warn] [pid 94588:tid 360] AH00098: pid file C:/xampp/apache/logs/httpd.pid overwritten -- Unclean shutdown of previous Apache run?
[Sun Mar 26 15:24:37.680745 2023] [ssl:warn] [pid 94588:tid 360] AH01909: www.example.com:443:0 server certificate does NOT include an ID which matches the server name
[Sun Mar 26 15:24:37.738563 2023] [mpm_winnt:notice] [pid 94588:tid 360] AH00455: Apache/2.4.54 (Win64) OpenSSL/1.1.1p PHP/8.2.0 configured -- resuming normal operations
[Sun Mar 26 15:24:37.738563 2023] [mpm_winnt:notice] [pid 94588:tid 360] AH00456: Apache Lounge VS16 Server built: Jun 22 2022 09:58:15
[Sun Mar 26 15:24:37.738563 2023] [core:notice] [pid 94588:tid 360] AH00094: Command line: 'c:\\xampp\\apache\\bin\\httpd.exe -d C:/xampp/apache'
[Sun Mar 26 15:24:37.753570 2023] [mpm_winnt:notice] [pid 94588:tid 360] AH00418: Parent: Created child process 57232
[Sun Mar 26 15:24:38.052427 2023] [ssl:warn] [pid 57232:tid 336] AH01909: www.example.com:443:0 server certificate does NOT include an ID which matches the server name
[Sun Mar 26 15:24:38.162217 2023] [ssl:warn] [pid 57232:tid 336] AH01909: www.example.com:443:0 server certificate does NOT include an ID which matches the server name
[Sun Mar 26 15:24:38.209601 2023] [mpm_winnt:notice] [pid 57232:tid 336] AH00354: Child: Starting 150 worker threads.
[Sun Mar 26 16:13:52.487738 2023] [ssl:warn] [pid 100696:tid 368] AH01909: www.example.com:443:0 server certificate does NOT include an ID which matches the server name
[Sun Mar 26 16:13:52.711921 2023] [core:warn] [pid 100696:tid 368] AH00098: pid file C:/xampp/apache/logs/httpd.pid overwritten -- Unclean shutdown of previous Apache run?
[Sun Mar 26 16:13:52.725425 2023] [ssl:warn] [pid 100696:tid 368] AH01909: www.example.com:443:0 server certificate does NOT include an ID which matches the server name
[Sun Mar 26 16:13:52.804944 2023] [mpm_winnt:notice] [pid 100696:tid 368] AH00455: Apache/2.4.54 (Win64) OpenSSL/1.1.1p PHP/8.2.0 configured -- resuming normal operations
[Sun Mar 26 16:13:52.804944 2023] [mpm_winnt:notice] [pid 100696:tid 368] AH00456: Apache Lounge VS16 Server built: Jun 22 2022 09:58:15
[Sun Mar 26 16:13:52.804944 2023] [core:notice] [pid 100696:tid 368] AH00094: Command line: 'c:\\xampp\\apache\\bin\\httpd.exe -d C:/xampp/apache'
[Sun Mar 26 16:13:52.804944 2023] [mpm_winnt:notice] [pid 100696:tid 368] AH00418: Parent: Created child process 104688
[Sun Mar 26 16:13:53.293374 2023] [ssl:warn] [pid 104688:tid 332] AH01909: www.example.com:443:0 server certificate does NOT include an ID which matches the server name
[Sun Mar 26 16:13:53.501541 2023] [ssl:warn] [pid 104688:tid 332] AH01909: www.example.com:443:0 server certificate does NOT include an ID which matches the server name
[Sun Mar 26 16:13:53.594908 2023] [mpm_winnt:notice] [pid 104688:tid 332] AH00354: Child: Starting 150 worker threads.
[Sun Mar 26 16:43:35.177111 2023] [mpm_winnt:crit] [pid 104688:tid 332] AH02538: Child: Parent process exited abruptly. Child process is ending
[Wed Mar 29 18:39:48.583977 2023] [ssl:warn] [pid 11576:tid 344] AH01909: www.example.com:443:0 server certificate does NOT include an ID which matches the server name
[Wed Mar 29 18:39:48.766745 2023] [core:warn] [pid 11576:tid 344] AH00098: pid file C:/xampp/apache/logs/httpd.pid overwritten -- Unclean shutdown of previous Apache run?
[Wed Mar 29 18:39:48.766745 2023] [ssl:warn] [pid 11576:tid 344] AH01909: www.example.com:443:0 server certificate does NOT include an ID which matches the server name
[Wed Mar 29 18:39:48.989141 2023] [mpm_winnt:notice] [pid 11576:tid 344] AH00455: Apache/2.4.54 (Win64) OpenSSL/1.1.1p PHP/8.2.0 configured -- resuming normal operations
[Wed Mar 29 18:39:48.989141 2023] [mpm_winnt:notice] [pid 11576:tid 344] AH00456: Apache Lounge VS16 Server built: Jun 22 2022 09:58:15
[Wed Mar 29 18:39:48.989141 2023] [core:notice] [pid 11576:tid 344] AH00094: Command line: 'c:\\xampp\\apache\\bin\\httpd.exe -d C:/xampp/apache'
[Wed Mar 29 18:39:48.989141 2023] [mpm_winnt:notice] [pid 11576:tid 344] AH00418: Parent: Created child process 29140
[Wed Mar 29 18:39:49.539793 2023] [ssl:warn] [pid 29140:tid 188] AH01909: www.example.com:443:0 server certificate does NOT include an ID which matches the server name
[Wed Mar 29 18:39:49.684855 2023] [ssl:warn] [pid 29140:tid 188] AH01909: www.example.com:443:0 server certificate does NOT include an ID which matches the server name
[Wed Mar 29 18:39:49.748117 2023] [mpm_winnt:notice] [pid 29140:tid 188] AH00354: Child: Starting 150 worker threads.
[Wed Mar 29 18:40:00.954448 2023] [php:notice] [pid 29140:tid 1880] [client ::1:53054] Uncaught exception 'MRBS\\DBException' in C:\\xampp\\htdocs\\mrbs\\web\\lib\\MRBS\\DB.php at line 171\nSQLSTATE[HY000]: General error: 2006 MySQL server has gone away\nSQL: SELECT variable_content                                 FROM mrbs_variables                                 WHERE variable_name = 'db_version'\nParams: Array\n(\n)\n\n#0 C:\\xampp\\htdocs\\mrbs\\web\\dbsys.inc(76): MRBS\\DB->query1('SELECT variable...')\n#1 C:\\xampp\\htdocs\\mrbs\\web\\lib\\MRBS\\Session\\Session.php(57): MRBS\\db_schema_version()\n#2 C:\\xampp\\htdocs\\mrbs\\web\\lib\\MRBS\\Session\\Session.php(24): MRBS\\Session\\Session->init(2592000)\n#3 C:\\xampp\\htdocs\\mrbs\\web\\lib\\MRBS\\Session\\SessionWithLogin.php(32): MRBS\\Session\\Session->__construct()\n#4 C:\\xampp\\htdocs\\mrbs\\web\\lib\\MRBS\\Session\\SessionPhp.php(20): MRBS\\Session\\SessionWithLogin->__construct()\n#5 C:\\xampp\\htdocs\\mrbs\\web\\lib\\MRBS\\Session\\SessionFactory.php(14): MRBS\\Session\\SessionPhp->__construct()\n#6 C:\\xampp\\htdocs\\mrbs\\web\\mrbs_auth.inc(33): MRBS\\Session\\SessionFactory::create('php')\n#7 C:\\xampp\\htdocs\\mrbs\\web\\init.inc(29): MRBS\\session()\n#8 C:\\xampp\\htdocs\\mrbs\\web\\defaultincludes.inc(34): require_once('C:\\\\xampp\\\\htdocs...')\n#9 C:\\xampp\\htdocs\\mrbs\\web\\index.php(8): require('C:\\\\xampp\\\\htdocs...')\n#10 {main}\n\nMRBS GET: Array\n(\n)\nMRBS POST: Array\n(\n)\n\n, referer: http://localhost/dashboard/
[Wed Mar 29 18:40:17.482817 2023] [php:notice] [pid 29140:tid 1880] [client ::1:53093] \nE_USER_WARNING in C:\\xampp\\htdocs\\mrbs\\web\\lib\\MRBS\\DB.php at line 113\nSQLSTATE[HY000] [2002] No connection could be made because the target machine actively refused it\nMRBS GET: Array\n(\n)\nMRBS POST: Array\n(\n)\n\n, referer: http://localhost/dashboard/
[Wed Mar 29 18:40:50.354304 2023] [mpm_winnt:crit] [pid 29140:tid 188] AH02538: Child: Parent process exited abruptly. Child process is ending
[Wed Mar 29 18:40:52.681308 2023] [ssl:warn] [pid 27108:tid 348] AH01909: www.example.com:443:0 server certificate does NOT include an ID which matches the server name
[Wed Mar 29 18:40:52.888066 2023] [core:warn] [pid 27108:tid 348] AH00098: pid file C:/xampp/apache/logs/httpd.pid overwritten -- Unclean shutdown of previous Apache run?
[Wed Mar 29 18:40:52.888066 2023] [ssl:warn] [pid 27108:tid 348] AH01909: www.example.com:443:0 server certificate does NOT include an ID which matches the server name
[Wed Mar 29 18:40:52.968172 2023] [mpm_winnt:notice] [pid 27108:tid 348] AH00455: Apache/2.4.54 (Win64) OpenSSL/1.1.1p PHP/8.2.0 configured -- resuming normal operations
[Wed Mar 29 18:40:52.968172 2023] [mpm_winnt:notice] [pid 27108:tid 348] AH00456: Apache Lounge VS16 Server built: Jun 22 2022 09:58:15
[Wed Mar 29 18:40:52.968172 2023] [core:notice] [pid 27108:tid 348] AH00094: Command line: 'c:\\xampp\\apache\\bin\\httpd.exe -d C:/xampp/apache'
[Wed Mar 29 18:40:52.980259 2023] [mpm_winnt:notice] [pid 27108:tid 348] AH00418: Parent: Created child process 9448
[Wed Mar 29 18:40:53.411643 2023] [ssl:warn] [pid 9448:tid 360] AH01909: www.example.com:443:0 server certificate does NOT include an ID which matches the server name
[Wed Mar 29 18:40:53.615755 2023] [ssl:warn] [pid 9448:tid 360] AH01909: www.example.com:443:0 server certificate does NOT include an ID which matches the server name
[Wed Mar 29 18:40:53.728641 2023] [mpm_winnt:notice] [pid 9448:tid 360] AH00354: Child: Starting 150 worker threads.
[Mon Apr 03 19:50:42.298742 2023] [ssl:warn] [pid 13976:tid 360] AH01909: www.example.com:443:0 server certificate does NOT include an ID which matches the server name
[Mon Apr 03 19:50:42.497851 2023] [core:warn] [pid 13976:tid 360] AH00098: pid file C:/xampp/apache/logs/httpd.pid overwritten -- Unclean shutdown of previous Apache run?
[Mon Apr 03 19:50:42.503858 2023] [ssl:warn] [pid 13976:tid 360] AH01909: www.example.com:443:0 server certificate does NOT include an ID which matches the server name
[Mon Apr 03 19:50:42.613952 2023] [mpm_winnt:notice] [pid 13976:tid 360] AH00455: Apache/2.4.54 (Win64) OpenSSL/1.1.1p PHP/8.2.0 configured -- resuming normal operations
[Mon Apr 03 19:50:42.613952 2023] [mpm_winnt:notice] [pid 13976:tid 360] AH00456: Apache Lounge VS16 Server built: Jun 22 2022 09:58:15
[Mon Apr 03 19:50:42.613952 2023] [core:notice] [pid 13976:tid 360] AH00094: Command line: 'c:\\xampp\\apache\\bin\\httpd.exe -d C:/xampp/apache'
[Mon Apr 03 19:50:42.613952 2023] [mpm_winnt:notice] [pid 13976:tid 360] AH00418: Parent: Created child process 17748
[Mon Apr 03 19:50:43.345718 2023] [ssl:warn] [pid 17748:tid 332] AH01909: www.example.com:443:0 server certificate does NOT include an ID which matches the server name
[Mon Apr 03 19:50:43.513887 2023] [ssl:warn] [pid 17748:tid 332] AH01909: www.example.com:443:0 server certificate does NOT include an ID which matches the server name
[Mon Apr 03 19:50:43.599602 2023] [mpm_winnt:notice] [pid 17748:tid 332] AH00354: Child: Starting 150 worker threads.
