2023-03-03  1:41:27 0 [Note] InnoDB: Mutexes and rw_locks use Windows interlocked functions
2023-03-03  1:41:27 0 [Note] InnoDB: Uses event mutexes
2023-03-03  1:41:27 0 [Note] InnoDB: Compressed tables use zlib 1.2.12
2023-03-03  1:41:27 0 [Note] InnoDB: Number of pools: 1
2023-03-03  1:41:27 0 [Note] InnoDB: Using SSE2 crc32 instructions
2023-03-03  1:41:27 0 [Note] InnoDB: Initializing buffer pool, total size = 16M, instances = 1, chunk size = 16M
2023-03-03  1:41:27 0 [Note] InnoDB: Completed initialization of buffer pool
2023-03-03  1:41:27 0 [Note] InnoDB: Starting crash recovery from checkpoint LSN=300288
2023-03-03  1:41:27 0 [Note] InnoDB: 128 out of 128 rollback segments are active.
2023-03-03  1:41:27 0 [Note] InnoDB: Removed temporary tablespace data file: "ibtmp1"
2023-03-03  1:41:27 0 [Note] InnoDB: Creating shared tablespace for temporary tables
2023-03-03  1:41:27 0 [Note] InnoDB: Setting file 'C:\xampp\mysql\data\ibtmp1' size to 12 MB. Physically writing the file full; Please wait ...
2023-03-03  1:41:27 0 [Note] InnoDB: File 'C:\xampp\mysql\data\ibtmp1' size is now 12 MB.
2023-03-03  1:41:27 0 [Note] InnoDB: Waiting for purge to start
2023-03-03  1:41:27 0 [Note] InnoDB: 10.4.27 started; log sequence number 300297; transaction id 170
2023-03-03  1:41:27 0 [Note] Plugin 'FEEDBACK' is disabled.
2023-03-03  1:41:27 0 [Note] InnoDB: Loading buffer pool(s) from C:\xampp\mysql\data\ib_buffer_pool
2023-03-03  1:41:27 0 [Note] Server socket created on IP: '::'.
2023-03-03  1:41:27 0 [Note] InnoDB: Buffer pool(s) load completed at 230303  1:41:27
2023-03-03  2:47:59 0 [Note] mysqld.exe: Aria engine: starting recovery
recovered pages: 0% 11% 47% 70%
Got error 176 when executing record redo_insert_row_head
2023-03-03  2:47:59 0 [ERROR] mysqld.exe: Aria engine: Redo phase failed
tables to flush: 2 1 0
2023-03-03  2:47:59 0 [ERROR] mysqld.exe: Aria recovery failed. Please run aria_chk -r on all Aria tables and delete all aria_log.######## files
2023-03-03  2:47:59 0 [ERROR] Plugin 'Aria' init function returned error.
2023-03-03  2:47:59 0 [ERROR] Plugin 'Aria' registration as a STORAGE ENGINE failed.
2023-03-03  2:47:59 0 [Note] InnoDB: Mutexes and rw_locks use Windows interlocked functions
2023-03-03  2:47:59 0 [Note] InnoDB: Uses event mutexes
2023-03-03  2:47:59 0 [Note] InnoDB: Compressed tables use zlib 1.2.12
2023-03-03  2:47:59 0 [Note] InnoDB: Number of pools: 1
2023-03-03  2:47:59 0 [Note] InnoDB: Using SSE2 crc32 instructions
2023-03-03  2:47:59 0 [Note] InnoDB: Initializing buffer pool, total size = 16M, instances = 1, chunk size = 16M
2023-03-03  2:47:59 0 [Note] InnoDB: Completed initialization of buffer pool
2023-03-03  2:47:59 0 [Note] InnoDB: Starting crash recovery from checkpoint LSN=457056
2023-03-03  2:47:59 0 [Note] InnoDB: 128 out of 128 rollback segments are active.
2023-03-03  2:47:59 0 [Note] InnoDB: Removed temporary tablespace data file: "ibtmp1"
2023-03-03  2:47:59 0 [Note] InnoDB: Creating shared tablespace for temporary tables
2023-03-03  2:47:59 0 [Note] InnoDB: Setting file 'C:\xampp\mysql\data\ibtmp1' size to 12 MB. Physically writing the file full; Please wait ...
2023-03-03  2:47:59 0 [Note] InnoDB: File 'C:\xampp\mysql\data\ibtmp1' size is now 12 MB.
2023-03-03  2:47:59 0 [Note] InnoDB: Waiting for purge to start
2023-03-03  2:47:59 0 [Note] InnoDB: 10.4.27 started; log sequence number 457065; transaction id 326
2023-03-03  2:47:59 0 [Note] InnoDB: Loading buffer pool(s) from C:\xampp\mysql\data\ib_buffer_pool
2023-03-03  2:47:59 0 [Note] Plugin 'FEEDBACK' is disabled.
2023-03-03  2:47:59 0 [ERROR] Could not open mysql.plugin table. Some plugins may be not loaded
2023-03-03  2:47:59 0 [ERROR] Failed to initialize plugins.
2023-03-03  2:47:59 0 [ERROR] Aborting
2023-03-03  2:48:13 0 [Note] mysqld.exe: Aria engine: starting recovery
recovered pages: 0% 11% 47%
Table '.\mysql\db' is crashed, skipping it. Please repair it with aria_chk -r
 70% 81% 100% (0.0 seconds); tables to flush: 1 0
 (0.0 seconds); 
2023-03-03  2:48:13 0 [Note] mysqld.exe: Aria engine: recovery done
2023-03-03  2:48:13 0 [Note] InnoDB: Mutexes and rw_locks use Windows interlocked functions
2023-03-03  2:48:13 0 [Note] InnoDB: Uses event mutexes
2023-03-03  2:48:13 0 [Note] InnoDB: Compressed tables use zlib 1.2.12
2023-03-03  2:48:13 0 [Note] InnoDB: Number of pools: 1
2023-03-03  2:48:13 0 [Note] InnoDB: Using SSE2 crc32 instructions
2023-03-03  2:48:13 0 [Note] InnoDB: Initializing buffer pool, total size = 16M, instances = 1, chunk size = 16M
2023-03-03  2:48:13 0 [Note] InnoDB: Completed initialization of buffer pool
2023-03-03  2:48:13 0 [Note] InnoDB: 128 out of 128 rollback segments are active.
2023-03-03  2:48:13 0 [Note] InnoDB: Creating shared tablespace for temporary tables
2023-03-03  2:48:13 0 [Note] InnoDB: Setting file 'C:\xampp\mysql\data\ibtmp1' size to 12 MB. Physically writing the file full; Please wait ...
2023-03-03  2:48:13 0 [Note] InnoDB: File 'C:\xampp\mysql\data\ibtmp1' size is now 12 MB.
2023-03-03  2:48:13 0 [Note] InnoDB: Waiting for purge to start
2023-03-03  2:48:13 0 [Note] InnoDB: 10.4.27 started; log sequence number 457074; transaction id 326
2023-03-03  2:48:13 0 [Note] InnoDB: Loading buffer pool(s) from C:\xampp\mysql\data\ib_buffer_pool
2023-03-03  2:48:13 0 [Note] Plugin 'FEEDBACK' is disabled.
2023-03-03  2:48:13 0 [Note] Server socket created on IP: '::'.
2023-03-03 22:07:42 0 [Note] mysqld.exe: Aria engine: starting recovery
recovered pages: 0% 100% (0.0 seconds); tables to flush: 1 0
 (0.0 seconds); 
2023-03-03 22:07:42 0 [Note] mysqld.exe: Aria engine: recovery done
2023-03-03 22:07:42 0 [Note] InnoDB: Mutexes and rw_locks use Windows interlocked functions
2023-03-03 22:07:42 0 [Note] InnoDB: Uses event mutexes
2023-03-03 22:07:42 0 [Note] InnoDB: Compressed tables use zlib 1.2.12
2023-03-03 22:07:42 0 [Note] InnoDB: Number of pools: 1
2023-03-03 22:07:42 0 [Note] InnoDB: Using SSE2 crc32 instructions
2023-03-03 22:07:42 0 [Note] InnoDB: Initializing buffer pool, total size = 16M, instances = 1, chunk size = 16M
2023-03-03 22:07:42 0 [Note] InnoDB: Completed initialization of buffer pool
2023-03-03 22:07:42 0 [Note] InnoDB: Starting crash recovery from checkpoint LSN=457231
2023-03-03 22:07:42 0 [Note] InnoDB: 128 out of 128 rollback segments are active.
2023-03-03 22:07:42 0 [Note] InnoDB: Removed temporary tablespace data file: "ibtmp1"
2023-03-03 22:07:42 0 [Note] InnoDB: Creating shared tablespace for temporary tables
2023-03-03 22:07:42 0 [Note] InnoDB: Setting file 'C:\xampp\mysql\data\ibtmp1' size to 12 MB. Physically writing the file full; Please wait ...
2023-03-03 22:07:42 0 [Note] InnoDB: File 'C:\xampp\mysql\data\ibtmp1' size is now 12 MB.
2023-03-03 22:07:42 0 [Note] InnoDB: Waiting for purge to start
2023-03-03 22:07:42 0 [Note] InnoDB: 10.4.27 started; log sequence number 457240; transaction id 326
2023-03-03 22:07:42 0 [Note] InnoDB: Loading buffer pool(s) from C:\xampp\mysql\data\ib_buffer_pool
2023-03-03 22:07:42 0 [Note] Plugin 'FEEDBACK' is disabled.
2023-03-03 22:07:42 0 [Note] Server socket created on IP: '::'.
2023-03-04 19:49:27 0 [Note] InnoDB: Mutexes and rw_locks use Windows interlocked functions
2023-03-04 19:49:27 0 [Note] InnoDB: Uses event mutexes
2023-03-04 19:49:27 0 [Note] InnoDB: Compressed tables use zlib 1.2.12
2023-03-04 19:49:27 0 [Note] InnoDB: Number of pools: 1
2023-03-04 19:49:27 0 [Note] InnoDB: Using SSE2 crc32 instructions
2023-03-04 19:49:27 0 [Note] InnoDB: Initializing buffer pool, total size = 16M, instances = 1, chunk size = 16M
2023-03-04 19:49:27 0 [Note] InnoDB: Completed initialization of buffer pool
2023-03-04 19:49:27 0 [Note] InnoDB: Starting crash recovery from checkpoint LSN=457585
2023-03-04 19:49:27 0 [Note] InnoDB: 128 out of 128 rollback segments are active.
2023-03-04 19:49:27 0 [Note] InnoDB: Removed temporary tablespace data file: "ibtmp1"
2023-03-04 19:49:27 0 [Note] InnoDB: Creating shared tablespace for temporary tables
2023-03-04 19:49:27 0 [Note] InnoDB: Setting file 'C:\xampp\mysql\data\ibtmp1' size to 12 MB. Physically writing the file full; Please wait ...
2023-03-04 19:49:27 0 [Note] InnoDB: File 'C:\xampp\mysql\data\ibtmp1' size is now 12 MB.
2023-03-04 19:49:27 0 [Note] InnoDB: Waiting for purge to start
2023-03-04 19:49:27 0 [Note] InnoDB: 10.4.27 started; log sequence number 457594; transaction id 336
2023-03-04 19:49:27 0 [Note] InnoDB: Loading buffer pool(s) from C:\xampp\mysql\data\ib_buffer_pool
2023-03-04 19:49:27 0 [Note] Plugin 'FEEDBACK' is disabled.
2023-03-04 19:49:27 0 [Note] Server socket created on IP: '::'.
2023-03-04 19:55:45 0 [Note] InnoDB: Mutexes and rw_locks use Windows interlocked functions
2023-03-04 19:55:45 0 [Note] InnoDB: Uses event mutexes
2023-03-04 19:55:45 0 [Note] InnoDB: Compressed tables use zlib 1.2.12
2023-03-04 19:55:45 0 [Note] InnoDB: Number of pools: 1
2023-03-04 19:55:45 0 [Note] InnoDB: Using SSE2 crc32 instructions
2023-03-04 19:55:45 0 [Note] InnoDB: Initializing buffer pool, total size = 16M, instances = 1, chunk size = 16M
2023-03-04 19:55:45 0 [Note] InnoDB: Completed initialization of buffer pool
2023-03-04 19:55:45 0 [Note] InnoDB: Starting crash recovery from checkpoint LSN=457603
2023-03-04 19:55:45 0 [Note] InnoDB: 128 out of 128 rollback segments are active.
2023-03-04 19:55:45 0 [Note] InnoDB: Removed temporary tablespace data file: "ibtmp1"
2023-03-04 19:55:45 0 [Note] InnoDB: Creating shared tablespace for temporary tables
2023-03-04 19:55:45 0 [Note] InnoDB: Setting file 'C:\xampp\mysql\data\ibtmp1' size to 12 MB. Physically writing the file full; Please wait ...
2023-03-04 19:55:45 0 [Note] InnoDB: File 'C:\xampp\mysql\data\ibtmp1' size is now 12 MB.
2023-03-04 19:55:45 0 [Note] InnoDB: Waiting for purge to start
2023-03-04 19:55:45 0 [Note] InnoDB: 10.4.27 started; log sequence number 457612; transaction id 336
2023-03-04 19:55:45 0 [Note] InnoDB: Loading buffer pool(s) from C:\xampp\mysql\data\ib_buffer_pool
2023-03-04 19:55:45 0 [Note] Plugin 'FEEDBACK' is disabled.
2023-03-04 19:55:45 0 [Note] Server socket created on IP: '::'.
2023-03-05 13:42:48 0 [Note] InnoDB: Mutexes and rw_locks use Windows interlocked functions
2023-03-05 13:42:48 0 [Note] InnoDB: Uses event mutexes
2023-03-05 13:42:48 0 [Note] InnoDB: Compressed tables use zlib 1.2.12
2023-03-05 13:42:48 0 [Note] InnoDB: Number of pools: 1
2023-03-05 13:42:48 0 [Note] InnoDB: Using SSE2 crc32 instructions
2023-03-05 13:42:48 0 [Note] InnoDB: Initializing buffer pool, total size = 16M, instances = 1, chunk size = 16M
2023-03-05 13:42:48 0 [Note] InnoDB: Completed initialization of buffer pool
2023-03-05 13:42:48 0 [Note] InnoDB: Starting crash recovery from checkpoint LSN=457621
2023-03-05 13:42:48 0 [Note] InnoDB: 128 out of 128 rollback segments are active.
2023-03-05 13:42:48 0 [Note] InnoDB: Removed temporary tablespace data file: "ibtmp1"
2023-03-05 13:42:48 0 [Note] InnoDB: Creating shared tablespace for temporary tables
2023-03-05 13:42:48 0 [Note] InnoDB: Setting file 'C:\xampp\mysql\data\ibtmp1' size to 12 MB. Physically writing the file full; Please wait ...
2023-03-05 13:42:48 0 [Note] InnoDB: File 'C:\xampp\mysql\data\ibtmp1' size is now 12 MB.
2023-03-05 13:42:48 0 [Note] InnoDB: Waiting for purge to start
2023-03-05 13:42:49 0 [Note] InnoDB: 10.4.27 started; log sequence number 457630; transaction id 336
2023-03-05 13:42:49 0 [Note] InnoDB: Loading buffer pool(s) from C:\xampp\mysql\data\ib_buffer_pool
2023-03-05 13:42:49 0 [Note] Plugin 'FEEDBACK' is disabled.
2023-03-05 13:42:49 0 [Note] Server socket created on IP: '::'.
2023-03-06  1:30:25 0 [Note] InnoDB: Mutexes and rw_locks use Windows interlocked functions
2023-03-06  1:30:25 0 [Note] InnoDB: Uses event mutexes
2023-03-06  1:30:25 0 [Note] InnoDB: Compressed tables use zlib 1.2.12
2023-03-06  1:30:25 0 [Note] InnoDB: Number of pools: 1
2023-03-06  1:30:25 0 [Note] InnoDB: Using SSE2 crc32 instructions
2023-03-06  1:30:25 0 [Note] InnoDB: Initializing buffer pool, total size = 16M, instances = 1, chunk size = 16M
2023-03-06  1:30:25 0 [Note] InnoDB: Completed initialization of buffer pool
2023-03-06  1:30:25 0 [Note] InnoDB: Starting crash recovery from checkpoint LSN=458343
2023-03-06  1:30:26 0 [Note] InnoDB: 128 out of 128 rollback segments are active.
2023-03-06  1:30:26 0 [Note] InnoDB: Removed temporary tablespace data file: "ibtmp1"
2023-03-06  1:30:26 0 [Note] InnoDB: Creating shared tablespace for temporary tables
2023-03-06  1:30:26 0 [Note] InnoDB: Setting file 'C:\xampp\mysql\data\ibtmp1' size to 12 MB. Physically writing the file full; Please wait ...
2023-03-06  1:30:26 0 [Note] InnoDB: File 'C:\xampp\mysql\data\ibtmp1' size is now 12 MB.
2023-03-06  1:30:26 0 [Note] InnoDB: Waiting for purge to start
2023-03-06  1:30:26 0 [Note] InnoDB: 10.4.27 started; log sequence number 458352; transaction id 348
2023-03-06  1:30:26 0 [Note] InnoDB: Loading buffer pool(s) from C:\xampp\mysql\data\ib_buffer_pool
2023-03-06  1:30:26 0 [Note] Plugin 'FEEDBACK' is disabled.
2023-03-06  1:30:26 0 [Note] Server socket created on IP: '::'.
2023-03-21 11:26:47 0 [Note] InnoDB: Mutexes and rw_locks use Windows interlocked functions
2023-03-21 11:26:47 0 [Note] InnoDB: Uses event mutexes
2023-03-21 11:26:47 0 [Note] InnoDB: Compressed tables use zlib 1.2.12
2023-03-21 11:26:47 0 [Note] InnoDB: Number of pools: 1
2023-03-21 11:26:47 0 [Note] InnoDB: Using SSE2 crc32 instructions
2023-03-21 11:26:47 0 [Note] InnoDB: Initializing buffer pool, total size = 16M, instances = 1, chunk size = 16M
2023-03-21 11:26:47 0 [Note] InnoDB: Completed initialization of buffer pool
2023-03-21 11:26:47 0 [Note] InnoDB: Starting crash recovery from checkpoint LSN=458361
2023-03-21 11:26:47 0 [Note] InnoDB: 128 out of 128 rollback segments are active.
2023-03-21 11:26:47 0 [Note] InnoDB: Removed temporary tablespace data file: "ibtmp1"
2023-03-21 11:26:47 0 [Note] InnoDB: Creating shared tablespace for temporary tables
2023-03-21 11:26:47 0 [Note] InnoDB: Setting file 'C:\xampp\mysql\data\ibtmp1' size to 12 MB. Physically writing the file full; Please wait ...
2023-03-21 11:26:47 0 [Note] InnoDB: File 'C:\xampp\mysql\data\ibtmp1' size is now 12 MB.
2023-03-21 11:26:47 0 [Note] InnoDB: Waiting for purge to start
2023-03-21 11:26:47 0 [Note] InnoDB: 10.4.27 started; log sequence number 458370; transaction id 348
2023-03-21 11:26:47 0 [Note] InnoDB: Loading buffer pool(s) from C:\xampp\mysql\data\ib_buffer_pool
2023-03-21 11:26:47 0 [Note] Plugin 'FEEDBACK' is disabled.
2023-03-21 11:26:47 0 [Note] Server socket created on IP: '::'.
2023-03-21 11:26:47 0 [Note] InnoDB: Buffer pool(s) load completed at 230321 11:26:47
2023-03-21 11:26:47 0 [Note] Reading of all Master_info entries succeeded
2023-03-21 11:26:47 0 [Note] Added new Master_info '' to hash table
2023-03-21 11:26:47 0 [Note] mysql\bin\mysqld.exe: ready for connections.
Version: '10.4.27-MariaDB'  socket: ''  port: 3306  mariadb.org binary distribution
2023-03-21 11:27:24 0 [Note] mysql\bin\mysqld.exe (initiated by: unknown): Normal shutdown
2023-03-21 11:27:24 0 [Note] Event Scheduler: Purging the queue. 0 events
2023-03-21 11:27:24 0 [Note] InnoDB: FTS optimize thread exiting.
2023-03-21 11:27:24 0 [Note] InnoDB: Starting shutdown...
2023-03-21 11:27:24 0 [Note] InnoDB: Dumping buffer pool(s) to C:\xampp\mysql\data\ib_buffer_pool
2023-03-21 11:27:24 0 [Note] InnoDB: Instance 0, restricted to 250 pages due to innodb_buf_pool_dump_pct=25
2023-03-21 11:27:24 0 [Note] InnoDB: Buffer pool(s) dump completed at 230321 11:27:24
2023-03-21 11:27:24 0 [Note] InnoDB: Removed temporary tablespace data file: "ibtmp1"
2023-03-21 11:27:24 0 [Note] InnoDB: Shutdown completed; log sequence number 458388; transaction id 349
2023-03-21 11:27:24 0 [Note] mysql\bin\mysqld.exe: Shutdown complete

2023-03-21 11:27:57 0 [Note] InnoDB: Mutexes and rw_locks use Windows interlocked functions
2023-03-21 11:27:57 0 [Note] InnoDB: Uses event mutexes
2023-03-21 11:27:57 0 [Note] InnoDB: Compressed tables use zlib 1.2.12
2023-03-21 11:27:57 0 [Note] InnoDB: Number of pools: 1
2023-03-21 11:27:57 0 [Note] InnoDB: Using SSE2 crc32 instructions
2023-03-21 11:27:57 0 [Note] InnoDB: Initializing buffer pool, total size = 16M, instances = 1, chunk size = 16M
2023-03-21 11:27:57 0 [Note] InnoDB: Completed initialization of buffer pool
2023-03-21 11:27:57 0 [Note] InnoDB: 128 out of 128 rollback segments are active.
2023-03-21 11:27:57 0 [Note] InnoDB: Creating shared tablespace for temporary tables
2023-03-21 11:27:57 0 [Note] InnoDB: Setting file 'C:\xampp\mysql\data\ibtmp1' size to 12 MB. Physically writing the file full; Please wait ...
2023-03-21 11:27:57 0 [Note] InnoDB: File 'C:\xampp\mysql\data\ibtmp1' size is now 12 MB.
2023-03-21 11:27:57 0 [Note] InnoDB: Waiting for purge to start
2023-03-21 11:27:57 0 [Note] InnoDB: 10.4.27 started; log sequence number 458388; transaction id 348
2023-03-21 11:27:57 0 [Note] InnoDB: Loading buffer pool(s) from C:\xampp\mysql\data\ib_buffer_pool
2023-03-21 11:27:57 0 [Note] Plugin 'FEEDBACK' is disabled.
2023-03-21 11:27:57 0 [Note] Server socket created on IP: '::'.
2023-03-26 15:24:41 0 [Note] InnoDB: Mutexes and rw_locks use Windows interlocked functions
2023-03-26 15:24:41 0 [Note] InnoDB: Uses event mutexes
2023-03-26 15:24:41 0 [Note] InnoDB: Compressed tables use zlib 1.2.12
2023-03-26 15:24:41 0 [Note] InnoDB: Number of pools: 1
2023-03-26 15:24:41 0 [Note] InnoDB: Using SSE2 crc32 instructions
2023-03-26 15:24:41 0 [Note] InnoDB: Initializing buffer pool, total size = 16M, instances = 1, chunk size = 16M
2023-03-26 15:24:41 0 [Note] InnoDB: Completed initialization of buffer pool
2023-03-26 15:24:41 0 [Note] InnoDB: Starting crash recovery from checkpoint LSN=459759
2023-03-26 15:24:41 0 [Note] InnoDB: 128 out of 128 rollback segments are active.
2023-03-26 15:24:41 0 [Note] InnoDB: Removed temporary tablespace data file: "ibtmp1"
2023-03-26 15:24:41 0 [Note] InnoDB: Creating shared tablespace for temporary tables
2023-03-26 15:24:41 0 [Note] InnoDB: Setting file 'C:\xampp\mysql\data\ibtmp1' size to 12 MB. Physically writing the file full; Please wait ...
2023-03-26 15:24:41 0 [Note] InnoDB: File 'C:\xampp\mysql\data\ibtmp1' size is now 12 MB.
2023-03-26 15:24:41 0 [Note] InnoDB: Waiting for purge to start
2023-03-26 15:24:41 0 [Note] InnoDB: 10.4.27 started; log sequence number 459768; transaction id 386
2023-03-26 15:24:41 0 [Note] InnoDB: Loading buffer pool(s) from C:\xampp\mysql\data\ib_buffer_pool
2023-03-26 15:24:41 0 [Note] Plugin 'FEEDBACK' is disabled.
2023-03-26 15:24:41 0 [Note] Server socket created on IP: '::'.
2023-03-26 15:24:41 0 [Note] InnoDB: Buffer pool(s) load completed at 230326 15:24:41
2023-03-26 16:13:53 0 [Note] InnoDB: Mutexes and rw_locks use Windows interlocked functions
2023-03-26 16:13:53 0 [Note] InnoDB: Uses event mutexes
2023-03-26 16:13:53 0 [Note] InnoDB: Compressed tables use zlib 1.2.12
2023-03-26 16:13:53 0 [Note] InnoDB: Number of pools: 1
2023-03-26 16:13:53 0 [Note] InnoDB: Using SSE2 crc32 instructions
2023-03-26 16:13:53 0 [Note] InnoDB: Initializing buffer pool, total size = 16M, instances = 1, chunk size = 16M
2023-03-26 16:13:53 0 [Note] InnoDB: Completed initialization of buffer pool
2023-03-26 16:13:53 0 [Note] InnoDB: Starting crash recovery from checkpoint LSN=460182
2023-03-26 16:13:53 0 [Note] InnoDB: 128 out of 128 rollback segments are active.
2023-03-26 16:13:53 0 [Note] InnoDB: Removed temporary tablespace data file: "ibtmp1"
2023-03-26 16:13:53 0 [Note] InnoDB: Creating shared tablespace for temporary tables
2023-03-26 16:13:53 0 [Note] InnoDB: Setting file 'C:\xampp\mysql\data\ibtmp1' size to 12 MB. Physically writing the file full; Please wait ...
2023-03-26 16:13:53 0 [Note] InnoDB: File 'C:\xampp\mysql\data\ibtmp1' size is now 12 MB.
2023-03-26 16:13:53 0 [Note] InnoDB: Waiting for purge to start
2023-03-26 16:13:53 0 [Note] InnoDB: 10.4.27 started; log sequence number 460191; transaction id 396
2023-03-26 16:13:53 0 [Note] InnoDB: Loading buffer pool(s) from C:\xampp\mysql\data\ib_buffer_pool
2023-03-26 16:13:53 0 [Note] Plugin 'FEEDBACK' is disabled.
2023-03-26 16:13:53 0 [Note] Server socket created on IP: '::'.
2023-03-29 18:39:52 0 [Note] InnoDB: Mutexes and rw_locks use Windows interlocked functions
2023-03-29 18:39:52 0 [Note] InnoDB: Uses event mutexes
2023-03-29 18:39:52 0 [Note] InnoDB: Compressed tables use zlib 1.2.12
2023-03-29 18:39:52 0 [Note] InnoDB: Number of pools: 1
2023-03-29 18:39:52 0 [Note] InnoDB: Using SSE2 crc32 instructions
2023-03-29 18:39:52 0 [Note] InnoDB: Initializing buffer pool, total size = 16M, instances = 1, chunk size = 16M
2023-03-29 18:39:52 0 [Note] InnoDB: Completed initialization of buffer pool
2023-03-29 18:39:52 0 [Note] InnoDB: Starting crash recovery from checkpoint LSN=460200
2023-03-29 18:39:52 0 [Note] InnoDB: 128 out of 128 rollback segments are active.
2023-03-29 18:39:52 0 [Note] InnoDB: Removed temporary tablespace data file: "ibtmp1"
2023-03-29 18:39:52 0 [Note] InnoDB: Creating shared tablespace for temporary tables
2023-03-29 18:39:52 0 [Note] InnoDB: Setting file 'C:\xampp\mysql\data\ibtmp1' size to 12 MB. Physically writing the file full; Please wait ...
2023-03-29 18:39:52 0 [Note] InnoDB: File 'C:\xampp\mysql\data\ibtmp1' size is now 12 MB.
2023-03-29 18:39:52 0 [Note] InnoDB: Waiting for purge to start
2023-03-29 18:39:52 0 [Note] InnoDB: 10.4.27 started; log sequence number 460209; transaction id 396
2023-03-29 18:39:52 0 [Note] InnoDB: Loading buffer pool(s) from C:\xampp\mysql\data\ib_buffer_pool
2023-03-29 18:39:52 0 [Note] Plugin 'FEEDBACK' is disabled.
2023-03-29 18:39:52 0 [Note] Server socket created on IP: '::'.
2023-03-29 18:39:52 0 [Note] InnoDB: Buffer pool(s) load completed at 230329 18:39:52
2023-03-29 18:40:21 0 [Note] InnoDB: Mutexes and rw_locks use Windows interlocked functions
2023-03-29 18:40:21 0 [Note] InnoDB: Uses event mutexes
2023-03-29 18:40:21 0 [Note] InnoDB: Compressed tables use zlib 1.2.12
2023-03-29 18:40:21 0 [Note] InnoDB: Number of pools: 1
2023-03-29 18:40:21 0 [Note] InnoDB: Using SSE2 crc32 instructions
2023-03-29 18:40:21 0 [Note] InnoDB: Initializing buffer pool, total size = 16M, instances = 1, chunk size = 16M
2023-03-29 18:40:21 0 [Note] InnoDB: Completed initialization of buffer pool
2023-03-29 18:40:21 0 [Note] InnoDB: Starting crash recovery from checkpoint LSN=460218
2023-03-29 18:40:21 0 [Note] InnoDB: 128 out of 128 rollback segments are active.
2023-03-29 18:40:21 0 [Note] InnoDB: Removed temporary tablespace data file: "ibtmp1"
2023-03-29 18:40:21 0 [Note] InnoDB: Creating shared tablespace for temporary tables
2023-03-29 18:40:21 0 [Note] InnoDB: Setting file 'C:\xampp\mysql\data\ibtmp1' size to 12 MB. Physically writing the file full; Please wait ...
2023-03-29 18:40:21 0 [Note] InnoDB: File 'C:\xampp\mysql\data\ibtmp1' size is now 12 MB.
2023-03-29 18:40:21 0 [Note] InnoDB: Waiting for purge to start
2023-03-29 18:40:21 0 [Note] InnoDB: 10.4.27 started; log sequence number 460227; transaction id 396
2023-03-29 18:40:21 0 [Note] InnoDB: Loading buffer pool(s) from C:\xampp\mysql\data\ib_buffer_pool
2023-03-29 18:40:21 0 [Note] Plugin 'FEEDBACK' is disabled.
2023-03-29 18:40:21 0 [Note] Server socket created on IP: '::'.
2023-03-29 18:40:58 0 [Note] InnoDB: Mutexes and rw_locks use Windows interlocked functions
2023-03-29 18:40:58 0 [Note] InnoDB: Uses event mutexes
2023-03-29 18:40:58 0 [Note] InnoDB: Compressed tables use zlib 1.2.12
2023-03-29 18:40:58 0 [Note] InnoDB: Number of pools: 1
2023-03-29 18:40:58 0 [Note] InnoDB: Using SSE2 crc32 instructions
2023-03-29 18:40:58 0 [Note] InnoDB: Initializing buffer pool, total size = 16M, instances = 1, chunk size = 16M
2023-03-29 18:40:58 0 [Note] InnoDB: Completed initialization of buffer pool
2023-03-29 18:40:58 0 [Note] InnoDB: Starting crash recovery from checkpoint LSN=460236
2023-03-29 18:40:58 0 [Note] InnoDB: 128 out of 128 rollback segments are active.
2023-03-29 18:40:58 0 [Note] InnoDB: Removed temporary tablespace data file: "ibtmp1"
2023-03-29 18:40:58 0 [Note] InnoDB: Creating shared tablespace for temporary tables
2023-03-29 18:40:58 0 [Note] InnoDB: Setting file 'C:\xampp\mysql\data\ibtmp1' size to 12 MB. Physically writing the file full; Please wait ...
2023-03-29 18:40:58 0 [Note] InnoDB: File 'C:\xampp\mysql\data\ibtmp1' size is now 12 MB.
2023-03-29 18:40:58 0 [Note] InnoDB: Waiting for purge to start
2023-03-29 18:40:58 0 [Note] InnoDB: 10.4.27 started; log sequence number 460245; transaction id 396
2023-03-29 18:40:58 0 [Note] InnoDB: Loading buffer pool(s) from C:\xampp\mysql\data\ib_buffer_pool
2023-03-29 18:40:58 0 [Note] Plugin 'FEEDBACK' is disabled.
2023-03-29 18:40:58 0 [Note] Server socket created on IP: '::'.
2023-04-03 19:50:46 0 [Note] InnoDB: Mutexes and rw_locks use Windows interlocked functions
2023-04-03 19:50:46 0 [Note] InnoDB: Uses event mutexes
2023-04-03 19:50:46 0 [Note] InnoDB: Compressed tables use zlib 1.2.12
2023-04-03 19:50:46 0 [Note] InnoDB: Number of pools: 1
2023-04-03 19:50:46 0 [Note] InnoDB: Using SSE2 crc32 instructions
2023-04-03 19:50:46 0 [Note] InnoDB: Initializing buffer pool, total size = 16M, instances = 1, chunk size = 16M
2023-04-03 19:50:46 0 [Note] InnoDB: Completed initialization of buffer pool
2023-04-03 19:50:46 0 [Note] InnoDB: Starting crash recovery from checkpoint LSN=460254
2023-04-03 19:50:46 0 [Note] InnoDB: 128 out of 128 rollback segments are active.
2023-04-03 19:50:46 0 [Note] InnoDB: Removed temporary tablespace data file: "ibtmp1"
2023-04-03 19:50:46 0 [Note] InnoDB: Creating shared tablespace for temporary tables
2023-04-03 19:50:46 0 [Note] InnoDB: Setting file 'C:\xampp\mysql\data\ibtmp1' size to 12 MB. Physically writing the file full; Please wait ...
2023-04-03 19:50:46 0 [Note] InnoDB: File 'C:\xampp\mysql\data\ibtmp1' size is now 12 MB.
2023-04-03 19:50:46 0 [Note] InnoDB: Waiting for purge to start
2023-04-03 19:50:46 0 [Note] InnoDB: 10.4.27 started; log sequence number 460263; transaction id 396
2023-04-03 19:50:46 0 [Note] InnoDB: Loading buffer pool(s) from C:\xampp\mysql\data\ib_buffer_pool
2023-04-03 19:50:46 0 [Note] Plugin 'FEEDBACK' is disabled.
2023-04-03 19:50:46 0 [Note] Server socket created on IP: '::'.
